{"total": {"lines":{"total":249,"covered":0,"skipped":0,"pct":0},"statements":{"total":791,"covered":0,"skipped":0,"pct":0},"functions":{"total":106,"covered":0,"skipped":0,"pct":0},"branches":{"total":366,"covered":0,"skipped":0,"pct":0},"branchesTrue":{"total":0,"covered":0,"skipped":0,"pct":100}}
,"C:\\Development Sandbox\\GIT Working Folders\\MedusaJS\\beanbag-coffee (working 20231228)\\store-backend\\src\\admin\\types\\icon-type.ts": {"lines":{"total":1,"covered":0,"skipped":0,"pct":0},"functions":{"total":0,"covered":0,"skipped":0,"pct":100},"statements":{"total":1,"covered":0,"skipped":0,"pct":0},"branches":{"total":0,"covered":0,"skipped":0,"pct":100}}
,"C:\\Development Sandbox\\GIT Working Folders\\MedusaJS\\beanbag-coffee (working 20231228)\\store-backend\\src\\admin\\utils\\prepare-region.ts": {"lines":{"total":10,"covered":0,"skipped":0,"pct":0},"functions":{"total":2,"covered":0,"skipped":0,"pct":0},"statements":{"total":10,"covered":0,"skipped":0,"pct":0},"branches":{"total":4,"covered":0,"skipped":0,"pct":0}}
,"C:\\Development Sandbox\\GIT Working Folders\\MedusaJS\\beanbag-coffee (working 20231228)\\store-backend\\src\\admin\\utils\\prepare-shipping-options.ts": {"lines":{"total":6,"covered":0,"skipped":0,"pct":0},"functions":{"total":1,"covered":0,"skipped":0,"pct":0},"statements":{"total":6,"covered":0,"skipped":0,"pct":0},"branches":{"total":2,"covered":0,"skipped":0,"pct":0}}
,"C:\\Development Sandbox\\GIT Working Folders\\MedusaJS\\beanbag-coffee (working 20231228)\\store-backend\\src\\admin\\utils\\sample-products.ts": {"lines":{"total":34,"covered":0,"skipped":0,"pct":0},"functions":{"total":31,"covered":0,"skipped":0,"pct":0},"statements":{"total":34,"covered":0,"skipped":0,"pct":0},"branches":{"total":2,"covered":0,"skipped":0,"pct":0}}
,"C:\\Development Sandbox\\GIT Working Folders\\MedusaJS\\beanbag-coffee (working 20231228)\\store-backend\\src\\api\\admin\\custom\\route.ts": {"lines":{"total":4,"covered":0,"skipped":0,"pct":0},"functions":{"total":1,"covered":0,"skipped":0,"pct":0},"statements":{"total":4,"covered":0,"skipped":0,"pct":0},"branches":{"total":0,"covered":0,"skipped":0,"pct":100}}
,"C:\\Development Sandbox\\GIT Working Folders\\MedusaJS\\beanbag-coffee (working 20231228)\\store-backend\\src\\api\\admin\\onboarding\\route.ts": {"lines":{"total":12,"covered":0,"skipped":0,"pct":0},"functions":{"total":3,"covered":0,"skipped":0,"pct":0},"statements":{"total":12,"covered":0,"skipped":0,"pct":0},"branches":{"total":0,"covered":0,"skipped":0,"pct":100}}
,"C:\\Development Sandbox\\GIT Working Folders\\MedusaJS\\beanbag-coffee (working 20231228)\\store-backend\\src\\api\\store\\custom\\route.ts": {"lines":{"total":4,"covered":0,"skipped":0,"pct":0},"functions":{"total":1,"covered":0,"skipped":0,"pct":0},"statements":{"total":4,"covered":0,"skipped":0,"pct":0},"branches":{"total":0,"covered":0,"skipped":0,"pct":100}}
,"C:\\Development Sandbox\\GIT Working Folders\\MedusaJS\\beanbag-coffee (working 20231228)\\store-backend\\src\\coverage\\lcov-report\\block-navigation.js": {"lines":{"total":30,"covered":0,"skipped":0,"pct":0},"functions":{"total":6,"covered":0,"skipped":0,"pct":0},"statements":{"total":30,"covered":0,"skipped":0,"pct":0},"branches":{"total":19,"covered":0,"skipped":0,"pct":0}}
,"C:\\Development Sandbox\\GIT Working Folders\\MedusaJS\\beanbag-coffee (working 20231228)\\store-backend\\src\\coverage\\lcov-report\\prettify.js": {"lines":{"total":1,"covered":0,"skipped":0,"pct":0},"functions":{"total":29,"covered":0,"skipped":0,"pct":0},"statements":{"total":536,"covered":0,"skipped":0,"pct":0},"branches":{"total":286,"covered":0,"skipped":0,"pct":0}}
,"C:\\Development Sandbox\\GIT Working Folders\\MedusaJS\\beanbag-coffee (working 20231228)\\store-backend\\src\\coverage\\lcov-report\\sorter.js": {"lines":{"total":89,"covered":0,"skipped":0,"pct":0},"functions":{"total":19,"covered":0,"skipped":0,"pct":0},"statements":{"total":90,"covered":0,"skipped":0,"pct":0},"branches":{"total":24,"covered":0,"skipped":0,"pct":0}}
,"C:\\Development Sandbox\\GIT Working Folders\\MedusaJS\\beanbag-coffee (working 20231228)\\store-backend\\src\\migrations\\1685715079776-CreateOnboarding.ts": {"lines":{"total":7,"covered":0,"skipped":0,"pct":0},"functions":{"total":2,"covered":0,"skipped":0,"pct":0},"statements":{"total":7,"covered":0,"skipped":0,"pct":0},"branches":{"total":0,"covered":0,"skipped":0,"pct":100}}
,"C:\\Development Sandbox\\GIT Working Folders\\MedusaJS\\beanbag-coffee (working 20231228)\\store-backend\\src\\migrations\\1686062614694-AddOnboardingProduct.ts": {"lines":{"total":5,"covered":0,"skipped":0,"pct":0},"functions":{"total":2,"covered":0,"skipped":0,"pct":0},"statements":{"total":5,"covered":0,"skipped":0,"pct":0},"branches":{"total":0,"covered":0,"skipped":0,"pct":100}}
,"C:\\Development Sandbox\\GIT Working Folders\\MedusaJS\\beanbag-coffee (working 20231228)\\store-backend\\src\\migrations\\1690996567455-CorrectOnboardingFields.ts": {"lines":{"total":8,"covered":0,"skipped":0,"pct":0},"functions":{"total":3,"covered":0,"skipped":0,"pct":0},"statements":{"total":8,"covered":0,"skipped":0,"pct":0},"branches":{"total":0,"covered":0,"skipped":0,"pct":100}}
,"C:\\Development Sandbox\\GIT Working Folders\\MedusaJS\\beanbag-coffee (working 20231228)\\store-backend\\src\\models\\onboarding.ts": {"lines":{"total":17,"covered":0,"skipped":0,"pct":0},"functions":{"total":2,"covered":0,"skipped":0,"pct":0},"statements":{"total":23,"covered":0,"skipped":0,"pct":0},"branches":{"total":29,"covered":0,"skipped":0,"pct":0}}
,"C:\\Development Sandbox\\GIT Working Folders\\MedusaJS\\beanbag-coffee (working 20231228)\\store-backend\\src\\repositories\\onboarding.ts": {"lines":{"total":5,"covered":0,"skipped":0,"pct":0},"functions":{"total":0,"covered":0,"skipped":0,"pct":100},"statements":{"total":5,"covered":0,"skipped":0,"pct":0},"branches":{"total":0,"covered":0,"skipped":0,"pct":100}}
,"C:\\Development Sandbox\\GIT Working Folders\\MedusaJS\\beanbag-coffee (working 20231228)\\store-backend\\src\\services\\onboarding.ts": {"lines":{"total":15,"covered":0,"skipped":0,"pct":0},"functions":{"total":4,"covered":0,"skipped":0,"pct":0},"statements":{"total":15,"covered":0,"skipped":0,"pct":0},"branches":{"total":0,"covered":0,"skipped":0,"pct":100}}
,"C:\\Development Sandbox\\GIT Working Folders\\MedusaJS\\beanbag-coffee (working 20231228)\\store-backend\\src\\types\\onboarding.ts": {"lines":{"total":1,"covered":0,"skipped":0,"pct":0},"functions":{"total":0,"covered":0,"skipped":0,"pct":100},"statements":{"total":1,"covered":0,"skipped":0,"pct":0},"branches":{"total":0,"covered":0,"skipped":0,"pct":100}}
}
